<?xml version="1.0" encoding="UTF-8"?>
<!-- Generated by org.testng.reporters.JUnitReportReporter -->
<testsuite hostname="DESKTOP-JKKH6Q5" failures="0" tests="1" name="campaign.CreateCampaignWithProductTest" time="42.578" errors="0" timestamp="2023-06-28T12:12:32 IST" skipped="0">
  <testcase classname="campaign.CreateCampaignWithProductTest" name="createCampaignWithProductTest" time="42.578"/>
  <system-out/>
</testsuite> <!-- campaign.CreateCampaignWithProductTest -->
