<?xml version="1.0" encoding="UTF-8"?>
<!-- Generated by org.testng.reporters.JUnitReportReporter -->
<testsuite hostname="DESKTOP-JKKH6Q5" failures="0" tests="6" name="testscripts.DataProviderPrac" time="0.022" errors="0" timestamp="2023-07-05T21:10:36 IST" skipped="0">
  <testcase classname="testscripts.DataProviderPrac" name="login" time="0.004"/>
  <system-out/>
  <testcase classname="testscripts.DataProviderPrac" name="login" time="0.002"/>
  <system-out/>
  <testcase classname="testscripts.DataProviderPrac" name="login" time="0.002"/>
  <system-out/>
  <testcase classname="testscripts.DataProviderPrac" name="login" time="0.002"/>
  <system-out/>
  <testcase classname="testscripts.DataProviderPrac" name="login" time="0.009"/>
  <system-out/>
  <testcase classname="testscripts.DataProviderPrac" name="login" time="0.003"/>
  <system-out/>
</testsuite> <!-- testscripts.DataProviderPrac -->
