<?xml version="1.0" encoding="UTF-8"?>
<!-- Generated by org.testng.reporters.JUnitReportReporter -->
<testsuite hostname="DESKTOP-JKKH6Q5" failures="0" tests="2" name="practice.DataProviderEx2" time="34.295" errors="0" timestamp="2023-06-27T12:25:05 IST" skipped="0">
  <testcase classname="practice.DataProviderEx2" name="login" time="15.572"/>
  <system-out/>
  <testcase classname="practice.DataProviderEx2" name="login" time="18.723"/>
  <system-out/>
</testsuite> <!-- practice.DataProviderEx2 -->
