<?xml version="1.0" encoding="UTF-8"?>
<!-- Generated by org.testng.reporters.JUnitReportReporter -->
<testsuite hostname="DESKTOP-JKKH6Q5" failures="0" tests="3" name="practice.DataProviderEx" time="48.442" errors="0" timestamp="2023-06-27T12:09:35 IST" skipped="0">
  <testcase classname="practice.DataProviderEx" name="check" time="17.933"/>
  <system-out/>
  <testcase classname="practice.DataProviderEx" name="check" time="14.936"/>
  <system-out/>
  <testcase classname="practice.DataProviderEx" name="check" time="15.573"/>
  <system-out/>
</testsuite> <!-- practice.DataProviderEx -->
