<?xml version="1.0" encoding="UTF-8"?>
<!-- Generated by org.testng.reporters.JUnitReportReporter -->
<testsuite hostname="DESKTOP-JKKH6Q5" failures="0" tests="1" name="product.CreateAndDeleteProductTest" time="28.137" errors="0" timestamp="2023-06-26T22:19:14 IST" skipped="0">
  <testcase classname="product.CreateAndDeleteProductTest" name="createAndDeleteProductTest" time="28.137"/>
  <system-out/>
</testsuite> <!-- product.CreateAndDeleteProductTest -->
