<?xml version="1.0" encoding="UTF-8"?>
<!-- Generated by org.testng.reporters.JUnitReportReporter -->
<testsuite hostname="DESKTOP-JKKH6Q5" failures="0" tests="1" name="campaign.CreateCampaignTest" time="151.668" errors="0" timestamp="2023-07-12T12:28:25 IST" skipped="0">
  <testcase classname="campaign.CreateCampaignTest" name="createCampaignTest" time="151.668"/>
  <system-out/>
</testsuite> <!-- campaign.CreateCampaignTest -->
